<?xml version="1.0" encoding="UTF-8"?>
<testng-results skipped="0" failed="1" total="1" passed="0">
  <reporter-output>
  </reporter-output>
  <suite name="Default suite" duration-ms="17533" started-at="2019-05-25T07:56:57Z" finished-at="2019-05-25T07:57:14Z">
    <groups>
    </groups>
    <test name="Default test" duration-ms="17533" started-at="2019-05-25T07:56:57Z" finished-at="2019-05-25T07:57:14Z">
      <class name="com.selenium.testproject.testproject.AmazonTest">
        <test-method status="PASS" signature="testBaseSetupInitialization1()[pri:0, instance:com.selenium.testproject.testproject.AmazonTest@6d849e87]" name="testBaseSetupInitialization1" is-config="true" duration-ms="7295" started-at="2019-05-25T13:26:57Z" finished-at="2019-05-25T13:27:04Z">
          <reporter-output>
          </reporter-output>
        </test-method> <!-- testBaseSetupInitialization1 -->
        <test-method status="PASS" signature="setUp()[pri:0, instance:com.selenium.testproject.testproject.AmazonTest@6d849e87]" name="setUp" is-config="true" duration-ms="1" started-at="2019-05-25T13:27:04Z" finished-at="2019-05-25T13:27:04Z">
          <reporter-output>
          </reporter-output>
        </test-method> <!-- setUp -->
        <test-method status="FAIL" signature="testAmazonScript()[pri:0, instance:com.selenium.testproject.testproject.AmazonTest@6d849e87]" name="testAmazonScript" duration-ms="10200" started-at="2019-05-25T13:27:04Z" finished-at="2019-05-25T13:27:14Z">
          <exception class="java.lang.AssertionError">
            <message>
              <![CDATA[Sign page is not displayed expected [true] but found [false]]]>
            </message>
            <full-stacktrace>
              <![CDATA[java.lang.AssertionError: Sign page is not displayed expected [true] but found [false]
	at org.testng.Assert.fail(Assert.java:94)
	at org.testng.Assert.failNotEquals(Assert.java:494)
	at org.testng.Assert.assertTrue(Assert.java:42)
	at com.selenium.testproject.testproject.AmazonTest.testAmazonScript(AmazonTest.java:48)
	at sun.reflect.NativeMethodAccessorImpl.invoke0(Native Method)
	at sun.reflect.NativeMethodAccessorImpl.invoke(NativeMethodAccessorImpl.java:57)
	at sun.reflect.DelegatingMethodAccessorImpl.invoke(DelegatingMethodAccessorImpl.java:43)
	at java.lang.reflect.Method.invoke(Method.java:606)
	at org.testng.internal.MethodInvocationHelper.invokeMethod(MethodInvocationHelper.java:80)
	at org.testng.internal.Invoker.invokeMethod(Invoker.java:714)
	at org.testng.internal.Invoker.invokeTestMethod(Invoker.java:901)
	at org.testng.internal.Invoker.invokeTestMethods(Invoker.java:1231)
	at org.testng.internal.TestMethodWorker.invokeTestMethods(TestMethodWorker.java:127)
	at org.testng.internal.TestMethodWorker.run(TestMethodWorker.java:111)
	at org.testng.TestRunner.privateRun(TestRunner.java:767)
	at org.testng.TestRunner.run(TestRunner.java:617)
	at org.testng.SuiteRunner.runTest(SuiteRunner.java:334)
	at org.testng.SuiteRunner.runSequentially(SuiteRunner.java:329)
	at org.testng.SuiteRunner.privateRun(SuiteRunner.java:291)
	at org.testng.SuiteRunner.run(SuiteRunner.java:240)
	at org.testng.SuiteRunnerWorker.runSuite(SuiteRunnerWorker.java:52)
	at org.testng.SuiteRunnerWorker.run(SuiteRunnerWorker.java:86)
	at org.testng.TestNG.runSuitesSequentially(TestNG.java:1198)
	at org.testng.TestNG.runSuitesLocally(TestNG.java:1123)
	at org.testng.TestNG.run(TestNG.java:1031)
	at org.testng.remote.AbstractRemoteTestNG.run(AbstractRemoteTestNG.java:126)
	at org.testng.remote.RemoteTestNG.initAndRun(RemoteTestNG.java:152)
	at org.testng.remote.RemoteTestNG.main(RemoteTestNG.java:57)
]]>
            </full-stacktrace>
          </exception> <!-- java.lang.AssertionError -->
          <reporter-output>
          </reporter-output>
        </test-method> <!-- testAmazonScript -->
        <test-method status="PASS" signature="tearDown()[pri:0, instance:com.selenium.testproject.testproject.AmazonTest@6d849e87]" name="tearDown" is-config="true" duration-ms="0" started-at="2019-05-25T13:27:14Z" finished-at="2019-05-25T13:27:14Z">
          <reporter-output>
          </reporter-output>
        </test-method> <!-- tearDown -->
      </class> <!-- com.selenium.testproject.testproject.AmazonTest -->
    </test> <!-- Default test -->
  </suite> <!-- Default suite -->
</testng-results>
