<?xml version="1.0" encoding="UTF-8"?>
<!-- Generated by org.testng.reporters.JUnitXMLReporter -->
<testsuite hostname="USHYDKSCHAUDHA1" name="Command line test" tests="1" failures="0" timestamp="19 Sep 2018 18:21:12 GMT" time="0.032" errors="0">
  <testcase name="@BeforeClass testBaseSetupInitialization" time="0.0" classname="com.selenium.testproject.testproject.AmazonTest">
    <failure type="org.testng.TestNGException" message="
Parameter &amp;apos;browserType&amp;apos; is required by @Configuration on method testBaseSetupInitialization but has not been marked @Optional or defined
">
      <![CDATA[org.testng.TestNGException: 
Parameter 'browserType' is required by @Configuration on method testBaseSetupInitialization but has not been marked @Optional or defined

	at org.apache.maven.surefire.testng.TestNGExecutor.run(TestNGExecutor.java:77)
	at org.apache.maven.surefire.testng.TestNGDirectoryTestSuite.execute(TestNGDirectoryTestSuite.java:110)
	at org.apache.maven.surefire.testng.TestNGProvider.invoke(TestNGProvider.java:106)
	at org.apache.maven.surefire.util.ReflectionUtils.invokeMethodWithArray(ReflectionUtils.java:189)
	at org.apache.maven.surefire.booter.ProviderFactory$ProviderProxy.invoke(ProviderFactory.java:165)
	at org.apache.maven.surefire.booter.ProviderFactory.invokeProvider(ProviderFactory.java:85)
	at org.apache.maven.surefire.booter.ForkedBooter.runSuitesInProcess(ForkedBooter.java:115)
	at org.apache.maven.surefire.booter.ForkedBooter.main(ForkedBooter.java:75)
... Removed 22 stack frames]]>
    </failure>
  </testcase> <!-- @BeforeClass testBaseSetupInitialization -->
  <testcase name="@BeforeClass setUp" time="0.0" classname="com.selenium.testproject.testproject.AmazonTest">
    <skipped/>
  </testcase> <!-- @BeforeClass setUp -->
  <testcase name="@AfterClass tearDown" time="0.0" classname="com.selenium.testproject.testproject.AmazonTest">
    <skipped/>
  </testcase> <!-- @AfterClass tearDown -->
  <testcase name="testAmazonScript" time="0.006" classname="com.selenium.testproject.testproject.AmazonTest">
    <skipped/>
  </testcase> <!-- testAmazonScript -->
</testsuite> <!-- Command line test -->
