<?xml version="1.0" encoding="UTF-8"?>
<!-- Generated by org.testng.reporters.JUnitXMLReporter -->
<testsuite hostname="USHYDKSCHAUDHA1" name="Surefire test" tests="1" failures="0" timestamp="19 Sep 2018 18:25:45 GMT" time="0.048" errors="0">
  <testcase name="@BeforeClass testBaseSetupInitialization" time="0.0" classname="com.selenium.testproject.testproject.AmazonTest">
    <failure type="org.testng.TestNGException" message="
Parameter &amp;apos;browserType&amp;apos; is required by @Configuration on method testBaseSetupInitialization but has not been marked @Optional or defined
">
      <![CDATA[org.testng.TestNGException: 
Parameter 'browserType' is required by @Configuration on method testBaseSetupInitialization but has not been marked @Optional or defined

	at org.apache.maven.surefire.testng.TestNGExecutor.run(TestNGExecutor.java:135)
	at org.apache.maven.surefire.testng.TestNGDirectoryTestSuite.executeSingleClass(TestNGDirectoryTestSuite.java:112)
	at org.apache.maven.surefire.testng.TestNGDirectoryTestSuite.execute(TestNGDirectoryTestSuite.java:99)
	at org.apache.maven.surefire.testng.TestNGProvider.invoke(TestNGProvider.java:146)
	at org.apache.maven.surefire.booter.ForkedBooter.invokeProviderInSameClassLoader(ForkedBooter.java:373)
	at org.apache.maven.surefire.booter.ForkedBooter.runSuitesInProcess(ForkedBooter.java:334)
	at org.apache.maven.surefire.booter.ForkedBooter.execute(ForkedBooter.java:119)
	at org.apache.maven.surefire.booter.ForkedBooter.main(ForkedBooter.java:407)
... Removed 18 stack frames]]>
    </failure>
  </testcase> <!-- @BeforeClass testBaseSetupInitialization -->
  <testcase name="@BeforeClass setUp" time="0.0" classname="com.selenium.testproject.testproject.AmazonTest">
    <skipped/>
  </testcase> <!-- @BeforeClass setUp -->
  <testcase name="@AfterClass tearDown" time="0.0" classname="com.selenium.testproject.testproject.AmazonTest">
    <skipped/>
  </testcase> <!-- @AfterClass tearDown -->
  <testcase name="testAmazonScript" time="0.013" classname="com.selenium.testproject.testproject.AmazonTest">
    <skipped/>
  </testcase> <!-- testAmazonScript -->
</testsuite> <!-- Surefire test -->
